[36m==>[0m building rd
[36m==>[0m rd init --offline (JSONL-only project; campfire durable, nostr mirrored)

[36m==>[0m STEP 0: create parent + blocker + child + grandchild
[36m==>[0m parent=proj-241 blocker=proj-fe9 child=proj-2b6 grandchild=proj-55e

[36m==>[0m STEP 1: rd dep add proj-241 proj-fe9  -> blocked item's card re-published with the dep
     dep add: parent status     campfire==nostr==[blocked]
     dep add: parent blocked_by campfire==nostr==[['proj-fe9']]
     dep add: blocker blocks    campfire==nostr==[['proj-241']]

[36m==>[0m STEP 2: rd label add bug; add+remove security (exercise add AND remove hooks)
     label add/remove: parent labels campfire==nostr==[['bug']]

[36m==>[0m STEP 3: rd defer proj-241 --eta 3d  -> card re-published with the new eta
     defer: parent eta          campfire==nostr==[2026-07-11T18:42:28Z]

[36m==>[0m STEP 4: rd done proj-fe9  -> blocker terminal; parent readiness recomputes
     unblock: parent status     campfire==nostr==[inbox]
     unblock: parent blocked_by campfire==nostr==[None]

[36m==>[0m STEP 5: rd gate proj-241  -> parent WAITING on a gate
     gate: parent status        campfire==nostr==[waiting]
     gate: parent waiting_type  campfire==nostr==[gate]
     gate: parent has gate (GatesFilter) campfire==nostr==[True]

[36m==>[0m STEP 6: rd approve proj-241  -> parent ACTIVE, gate cleared; label+eta must survive
     approve: parent status     campfire==nostr==[active]
     approve: gate cleared      campfire==nostr==[False]
     approve: labels (no clobber) campfire==nostr==[['bug']]
     approve: eta (no clobber)  campfire==nostr==[2026-07-11T18:42:28Z]

[36m==>[0m STEP 7: rd cancel --cascade proj-241  -> parent + child + grandchild all publish

[36m==>[0m STEP 8: WIPE the local nostr log, reconcile EVERYTHING from the live relay
[36m==>[0m parent AND both descendants reconstruct from the relay alone:
     proj-241     cancelled, history reason=scope\ cut (from relay only)
     proj-2b6     cancelled, history reason=scope\ cut (from relay only)
     proj-55e     cancelled, history reason=scope\ cut (from relay only)
     final: parent status       campfire==nostr==[cancelled]
     final: parent labels       campfire==nostr==[['bug']]
     final: parent eta          campfire==nostr==[2026-07-11T18:42:28Z]

[32mPASS[0m ALL ready-2cf WRITE-PATH STEPS PASSED

SUMMARY
  relay:              ws://192.168.2.40:7777
  proof:              nostr projection == campfire `rd show` at every step (field-for-field)
  parent:             proj-241   (final: cancelled, labels=[bug], eta set)
  blocker:            proj-fe9   (done -> unblocked the parent)
  child/grandchild:   proj-2b6 / proj-55e  (cascade-cancelled, reason "scope cut" in history)
  mutations mirrored: dep add, label add/remove, defer, gate, approve, cancel --cascade
  reconstruction:     PURELY from the relay after wiping the local log
