==> building rd
==> rd init --offline (JSONL-only project; no campfire needed)

==> STEP 1: rd create -> card (inbox) + 1630 status event
==> created item: proj-3e0

==> STEP 2: rd claim --reason -> status transition inbox -> active
claimed proj-3e0

==> STEP 3: rd progress --notes -> CARD-ONLY edit (context), no status event
progress noted on proj-3e0

==> STEP 4: rd update --title -> CARD-ONLY edit (title), no status event
updated proj-3e0

==> STEP 5: rd done --reason -> status transition active -> done, close-with-reason
closed proj-3e0 (done)

==> event kinds published to the local authoritative log:
          2 1630
          1 1631
          1 30301
          5 30302
PASS published 9 signed events across 5 mutations to the LIVE relay + local log

==> STEP A: rd nostr show — replay FULL history from the local log
    id:       proj-3e0
    title:    b5f history replay demo (edited)
    status:   done
    priority: p1
    type:     task
    assignee: 3370525a9ae2d69b8bd0a316e22a8775d1dea145275585ad3326932b1bbf859b
    
    history:
      [2026-07-08T14:58:50Z]  → inbox by b432296ec8d1737d999a173997ff87336b46f14be2aa4ba8f77996a5f68e78f9
      [2026-07-08T14:58:51Z] inbox → active by b432296ec8d1737d999a173997ff87336b46f14be2aa4ba8f77996a5f68e78f9 — picking this up now
      [2026-07-08T14:58:55Z] active → done by b432296ec8d1737d999a173997ff87336b46f14be2aa4ba8f77996a5f68e78f9 — implemented, tests green, live-relay proof captured
PASS FULL history replayed: create -> claim -> done, all 3 transitions with reasons, edits did not erase or add entries

==> STEP B: same read, relay UNREACHABLE — proves the local log alone is authoritative
PASS relay-offline read is IDENTICAL: history survives with every relay unreachable

PASS ALL ready-b5f HISTORY-REPLAY STEPS PASSED

SUMMARY
  item id:              proj-3e0
  mutations:             create -> claim --reason -> progress (edit) -> update --title (edit) -> done --reason
  history entries:       3 (create, claim, done) — the 2 card-only edits added NONE
  close-with-reason:     preserved exactly ("implemented, tests green, live-relay proof captured")
  authoritative source:  local append-only signed-event log (.ready/nostr-log.jsonl)
  relay-offline read:    PASS (identical history with every relay unreachable)
