==> seeding an ISOLATED scratch project from the live campfire item set (read-only copy)
==> building rd
==> live campfire item set: 1565 items (including terminal)

==> STEP 1: FULL migration -> local authoritative nostr log, then item-for-item parity
PASS FULL local-authoritative parity: source=1565 projected=1565 matched=1565 mismatched=0

==> STEP 1b: re-run migration is IDEMPOTENT (event-id dedup; log does not grow)
PASS re-run appended 0 events; log stayed at 9244 lines

==> STEP 3: DUAL-READ — RD_NOSTR_READ=1 resolves the read surface from nostr, campfire untouched
PASS dual-read `rd list` == campfire: 1565 items (RD_NOSTR_READ=1; campfire still default)

==> STEP 2: LIVE relay round-trip through the LOCKED strfry relays (ws://192.168.2.40:7777, ws://192.168.2.41:7777)
==> dep-closed sample: 35 items
==> sample published to locked relays: accepted 91 events
==> WIPE the local log; reconstruct the sample PURELY from the relays (per-item reconcile)
==> reconstructed 90 events from the relays alone
PASS LIVE relay per-item parity: OK 35 sample items reconstruct field-for-field from the locked relays

PASS ALL ready-d65 PARITY STEPS PASSED

SUMMARY
  source project:     /home/baron/projects/ready (1565 live campfire items)
  step 1:             FULL item-for-item parity, local authoritative log (source=1565 projected=1565 matched=1565 mismatched=0)
  step 1b:            migration idempotent (event-id dedup)
  step 2:             35-item dep-closed sample round-tripped through the LOCKED relays
  step 3:             dual-read (RD_NOSTR_READ=1) read surface == campfire; campfire untouched + still default
  invariant:          campfire NOT modified, NOT disconnected, still the default backend (ready-f94 defers the flip)
